<?xml version="1.0" encoding="UTF-8"?>
<!-- Generated by org.testng.reporters.JUnitReportReporter -->
<testsuite skipped="0" hostname="LAPTOP-N2AA0IIU" name="test.dUMMY" tests="1" failures="0" timestamp="15 Jun 2023 13:55:13 GMT" time="0.012" errors="0">
  <testcase name="tc1" time="0.012" classname="test.dUMMY"/>
</testsuite> <!-- test.dUMMY -->
